Message[302] E:\ESIMEZ\TESIS\PROGRAMAMPLAB\SENSOR CON MOTOR\PROYECTO.ASM 43 : Register in operand not in bank 0.  Ensure that bank bits are correct.
Message[302] E:\ESIMEZ\TESIS\PROGRAMAMPLAB\SENSOR CON MOTOR\PROYECTO.ASM 44 : Register in operand not in bank 0.  Ensure that bank bits are correct.
Message[302] E:\ESIMEZ\TESIS\PROGRAMAMPLAB\SENSOR CON MOTOR\PROYECTO.ASM 45 : Register in operand not in bank 0.  Ensure that bank bits are correct.
Message[302] E:\ESIMEZ\TESIS\PROGRAMAMPLAB\SENSOR CON MOTOR\PROYECTO.ASM 47 : Register in operand not in bank 0.  Ensure that bank bits are correct.
Message[302] E:\ESIMEZ\TESIS\PROGRAMAMPLAB\SENSOR CON MOTOR\PROYECTO.ASM 48 : Register in operand not in bank 0.  Ensure that bank bits are correct.
Message[305] E:\ESIMEZ\TESIS\PROGRAMAMPLAB\SENSOR CON MOTOR\PROYECTO.ASM 67 : Using default destination of 1 (file).
Warning[205] E:\ESIMEZ\TESIS\PROGRAMAMPLAB\SENSOR CON MOTOR\RETARDOS.INC 1 : Found directive in column 1. (CBLOCK)
Message[313] E:\ESIMEZ\TESIS\PROGRAMAMPLAB\SENSOR CON MOTOR\RETARDOS.INC 1 : CBLOCK constants will start with a value of 0.
Warning[205] E:\ESIMEZ\TESIS\PROGRAMAMPLAB\SENSOR CON MOTOR\RETARDOS.INC 3 : Found directive in column 1. (ENDC)
Message[305] E:\ESIMEZ\TESIS\PROGRAMAMPLAB\SENSOR CON MOTOR\RETARDOS.INC 22 : Using default destination of 1 (file).
Warning[203] E:\ESIMEZ\TESIS\PROGRAMAMPLAB\SENSOR CON MOTOR\RETARDOS.INC 23 : Found opcode in column 1. (GOTO)
Message[305] E:\ESIMEZ\TESIS\PROGRAMAMPLAB\SENSOR CON MOTOR\RETARDOS.INC 24 : Using default destination of 1 (file).
Warning[203] E:\ESIMEZ\TESIS\PROGRAMAMPLAB\SENSOR CON MOTOR\RETARDOS.INC 25 : Found opcode in column 1. (GOTO)
Message[305] E:\ESIMEZ\TESIS\PROGRAMAMPLAB\SENSOR CON MOTOR\RETARDOS.INC 26 : Using default destination of 1 (file).
Warning[203] E:\ESIMEZ\TESIS\PROGRAMAMPLAB\SENSOR CON MOTOR\RETARDOS.INC 27 : Found opcode in column 1. (GOTO)
Warning[203] E:\ESIMEZ\TESIS\PROGRAMAMPLAB\SENSOR CON MOTOR\RETARDOS.INC 28 : Found opcode in column 1. (RETURN)
Message[305] E:\ESIMEZ\TESIS\PROGRAMAMPLAB\SENSOR CON MOTOR\RETARDOS.INC 45 : Using default destination of 1 (file).
Warning[203] E:\ESIMEZ\TESIS\PROGRAMAMPLAB\SENSOR CON MOTOR\RETARDOS.INC 46 : Found opcode in column 1. (GOTO)
Message[305] E:\ESIMEZ\TESIS\PROGRAMAMPLAB\SENSOR CON MOTOR\RETARDOS.INC 47 : Using default destination of 1 (file).
Warning[203] E:\ESIMEZ\TESIS\PROGRAMAMPLAB\SENSOR CON MOTOR\RETARDOS.INC 48 : Found opcode in column 1. (GOTO)
Message[305] E:\ESIMEZ\TESIS\PROGRAMAMPLAB\SENSOR CON MOTOR\RETARDOS.INC 49 : Using default destination of 1 (file).
Warning[203] E:\ESIMEZ\TESIS\PROGRAMAMPLAB\SENSOR CON MOTOR\RETARDOS.INC 50 : Found opcode in column 1. (GOTO)
Warning[203] E:\ESIMEZ\TESIS\PROGRAMAMPLAB\SENSOR CON MOTOR\RETARDOS.INC 51 : Found opcode in column 1. (RETURN)
Message[305] E:\ESIMEZ\TESIS\PROGRAMAMPLAB\SENSOR CON MOTOR\RETARDOS.INC 68 : Using default destination of 1 (file).
Warning[203] E:\ESIMEZ\TESIS\PROGRAMAMPLAB\SENSOR CON MOTOR\RETARDOS.INC 69 : Found opcode in column 1. (GOTO)
Message[305] E:\ESIMEZ\TESIS\PROGRAMAMPLAB\SENSOR CON MOTOR\RETARDOS.INC 70 : Using default destination of 1 (file).
Warning[203] E:\ESIMEZ\TESIS\PROGRAMAMPLAB\SENSOR CON MOTOR\RETARDOS.INC 71 : Found opcode in column 1. (GOTO)
Message[305] E:\ESIMEZ\TESIS\PROGRAMAMPLAB\SENSOR CON MOTOR\RETARDOS.INC 72 : Using default destination of 1 (file).
Warning[203] E:\ESIMEZ\TESIS\PROGRAMAMPLAB\SENSOR CON MOTOR\RETARDOS.INC 73 : Found opcode in column 1. (GOTO)
Warning[203] E:\ESIMEZ\TESIS\PROGRAMAMPLAB\SENSOR CON MOTOR\RETARDOS.INC 74 : Found opcode in column 1. (RETURN)
Message[305] E:\ESIMEZ\TESIS\PROGRAMAMPLAB\SENSOR CON MOTOR\RETARDOS.INC 89 : Using default destination of 1 (file).
Warning[203] E:\ESIMEZ\TESIS\PROGRAMAMPLAB\SENSOR CON MOTOR\RETARDOS.INC 90 : Found opcode in column 1. (GOTO)
Message[305] E:\ESIMEZ\TESIS\PROGRAMAMPLAB\SENSOR CON MOTOR\RETARDOS.INC 91 : Using default destination of 1 (file).
Warning[203] E:\ESIMEZ\TESIS\PROGRAMAMPLAB\SENSOR CON MOTOR\RETARDOS.INC 92 : Found opcode in column 1. (GOTO)
Message[305] E:\ESIMEZ\TESIS\PROGRAMAMPLAB\SENSOR CON MOTOR\RETARDOS.INC 93 : Using default destination of 1 (file).
Warning[203] E:\ESIMEZ\TESIS\PROGRAMAMPLAB\SENSOR CON MOTOR\RETARDOS.INC 94 : Found opcode in column 1. (GOTO)
Warning[203] E:\ESIMEZ\TESIS\PROGRAMAMPLAB\SENSOR CON MOTOR\RETARDOS.INC 95 : Found opcode in column 1. (RETURN)
Message[305] E:\ESIMEZ\TESIS\PROGRAMAMPLAB\SENSOR CON MOTOR\RETARDOS.INC 110 : Using default destination of 1 (file).
Warning[203] E:\ESIMEZ\TESIS\PROGRAMAMPLAB\SENSOR CON MOTOR\RETARDOS.INC 111 : Found opcode in column 1. (GOTO)
Message[305] E:\ESIMEZ\TESIS\PROGRAMAMPLAB\SENSOR CON MOTOR\RETARDOS.INC 112 : Using default destination of 1 (file).
Warning[203] E:\ESIMEZ\TESIS\PROGRAMAMPLAB\SENSOR CON MOTOR\RETARDOS.INC 113 : Found opcode in column 1. (GOTO)
Message[305] E:\ESIMEZ\TESIS\PROGRAMAMPLAB\SENSOR CON MOTOR\RETARDOS.INC 114 : Using default destination of 1 (file).
Warning[203] E:\ESIMEZ\TESIS\PROGRAMAMPLAB\SENSOR CON MOTOR\RETARDOS.INC 115 : Found opcode in column 1. (GOTO)
Warning[203] E:\ESIMEZ\TESIS\PROGRAMAMPLAB\SENSOR CON MOTOR\RETARDOS.INC 116 : Found opcode in column 1. (RETURN)
Message[305] E:\ESIMEZ\TESIS\PROGRAMAMPLAB\SENSOR CON MOTOR\RETARDOS.INC 132 : Using default destination of 1 (file).
Warning[203] E:\ESIMEZ\TESIS\PROGRAMAMPLAB\SENSOR CON MOTOR\RETARDOS.INC 133 : Found opcode in column 1. (GOTO)
Message[305] E:\ESIMEZ\TESIS\PROGRAMAMPLAB\SENSOR CON MOTOR\RETARDOS.INC 134 : Using default destination of 1 (file).
Warning[203] E:\ESIMEZ\TESIS\PROGRAMAMPLAB\SENSOR CON MOTOR\RETARDOS.INC 135 : Found opcode in column 1. (GOTO)
Message[305] E:\ESIMEZ\TESIS\PROGRAMAMPLAB\SENSOR CON MOTOR\RETARDOS.INC 136 : Using default destination of 1 (file).
Warning[203] E:\ESIMEZ\TESIS\PROGRAMAMPLAB\SENSOR CON MOTOR\RETARDOS.INC 137 : Found opcode in column 1. (GOTO)
Warning[203] E:\ESIMEZ\TESIS\PROGRAMAMPLAB\SENSOR CON MOTOR\RETARDOS.INC 138 : Found opcode in column 1. (RETURN)
Message[305] E:\ESIMEZ\TESIS\PROGRAMAMPLAB\SENSOR CON MOTOR\RETARDOS.INC 153 : Using default destination of 1 (file).
Warning[203] E:\ESIMEZ\TESIS\PROGRAMAMPLAB\SENSOR CON MOTOR\RETARDOS.INC 154 : Found opcode in column 1. (GOTO)
Message[305] E:\ESIMEZ\TESIS\PROGRAMAMPLAB\SENSOR CON MOTOR\RETARDOS.INC 155 : Using default destination of 1 (file).
Warning[203] E:\ESIMEZ\TESIS\PROGRAMAMPLAB\SENSOR CON MOTOR\RETARDOS.INC 156 : Found opcode in column 1. (GOTO)
Message[305] E:\ESIMEZ\TESIS\PROGRAMAMPLAB\SENSOR CON MOTOR\RETARDOS.INC 157 : Using default destination of 1 (file).
Warning[203] E:\ESIMEZ\TESIS\PROGRAMAMPLAB\SENSOR CON MOTOR\RETARDOS.INC 158 : Found opcode in column 1. (GOTO)
Warning[203] E:\ESIMEZ\TESIS\PROGRAMAMPLAB\SENSOR CON MOTOR\RETARDOS.INC 159 : Found opcode in column 1. (RETURN)
Message[305] E:\ESIMEZ\TESIS\PROGRAMAMPLAB\SENSOR CON MOTOR\RETARDOS.INC 174 : Using default destination of 1 (file).
Warning[203] E:\ESIMEZ\TESIS\PROGRAMAMPLAB\SENSOR CON MOTOR\RETARDOS.INC 175 : Found opcode in column 1. (GOTO)
Message[305] E:\ESIMEZ\TESIS\PROGRAMAMPLAB\SENSOR CON MOTOR\RETARDOS.INC 176 : Using default destination of 1 (file).
Warning[203] E:\ESIMEZ\TESIS\PROGRAMAMPLAB\SENSOR CON MOTOR\RETARDOS.INC 177 : Found opcode in column 1. (GOTO)
Message[305] E:\ESIMEZ\TESIS\PROGRAMAMPLAB\SENSOR CON MOTOR\RETARDOS.INC 178 : Using default destination of 1 (file).
Warning[203] E:\ESIMEZ\TESIS\PROGRAMAMPLAB\SENSOR CON MOTOR\RETARDOS.INC 179 : Found opcode in column 1. (GOTO)
Warning[203] E:\ESIMEZ\TESIS\PROGRAMAMPLAB\SENSOR CON MOTOR\RETARDOS.INC 180 : Found opcode in column 1. (RETURN)
Message[305] E:\ESIMEZ\TESIS\PROGRAMAMPLAB\SENSOR CON MOTOR\RETARDOS.INC 195 : Using default destination of 1 (file).
Warning[203] E:\ESIMEZ\TESIS\PROGRAMAMPLAB\SENSOR CON MOTOR\RETARDOS.INC 196 : Found opcode in column 1. (GOTO)
Message[305] E:\ESIMEZ\TESIS\PROGRAMAMPLAB\SENSOR CON MOTOR\RETARDOS.INC 197 : Using default destination of 1 (file).
Warning[203] E:\ESIMEZ\TESIS\PROGRAMAMPLAB\SENSOR CON MOTOR\RETARDOS.INC 198 : Found opcode in column 1. (GOTO)
Message[305] E:\ESIMEZ\TESIS\PROGRAMAMPLAB\SENSOR CON MOTOR\RETARDOS.INC 199 : Using default destination of 1 (file).
Warning[203] E:\ESIMEZ\TESIS\PROGRAMAMPLAB\SENSOR CON MOTOR\RETARDOS.INC 200 : Found opcode in column 1. (GOTO)
Warning[203] E:\ESIMEZ\TESIS\PROGRAMAMPLAB\SENSOR CON MOTOR\RETARDOS.INC 201 : Found opcode in column 1. (RETURN)
Message[305] E:\ESIMEZ\TESIS\PROGRAMAMPLAB\SENSOR CON MOTOR\RETARDOS.INC 216 : Using default destination of 1 (file).
Warning[203] E:\ESIMEZ\TESIS\PROGRAMAMPLAB\SENSOR CON MOTOR\RETARDOS.INC 217 : Found opcode in column 1. (GOTO)
Message[305] E:\ESIMEZ\TESIS\PROGRAMAMPLAB\SENSOR CON MOTOR\RETARDOS.INC 218 : Using default destination of 1 (file).
Warning[203] E:\ESIMEZ\TESIS\PROGRAMAMPLAB\SENSOR CON MOTOR\RETARDOS.INC 219 : Found opcode in column 1. (GOTO)
Message[305] E:\ESIMEZ\TESIS\PROGRAMAMPLAB\SENSOR CON MOTOR\RETARDOS.INC 220 : Using default destination of 1 (file).
Warning[203] E:\ESIMEZ\TESIS\PROGRAMAMPLAB\SENSOR CON MOTOR\RETARDOS.INC 221 : Found opcode in column 1. (GOTO)
Warning[203] E:\ESIMEZ\TESIS\PROGRAMAMPLAB\SENSOR CON MOTOR\RETARDOS.INC 222 : Found opcode in column 1. (RETURN)
Message[305] E:\ESIMEZ\TESIS\PROGRAMAMPLAB\SENSOR CON MOTOR\RETARDOS.INC 237 : Using default destination of 1 (file).
Warning[203] E:\ESIMEZ\TESIS\PROGRAMAMPLAB\SENSOR CON MOTOR\RETARDOS.INC 238 : Found opcode in column 1. (GOTO)
Message[305] E:\ESIMEZ\TESIS\PROGRAMAMPLAB\SENSOR CON MOTOR\RETARDOS.INC 239 : Using default destination of 1 (file).
Warning[203] E:\ESIMEZ\TESIS\PROGRAMAMPLAB\SENSOR CON MOTOR\RETARDOS.INC 240 : Found opcode in column 1. (GOTO)
Message[305] E:\ESIMEZ\TESIS\PROGRAMAMPLAB\SENSOR CON MOTOR\RETARDOS.INC 241 : Using default destination of 1 (file).
Warning[203] E:\ESIMEZ\TESIS\PROGRAMAMPLAB\SENSOR CON MOTOR\RETARDOS.INC 242 : Found opcode in column 1. (GOTO)
Warning[203] E:\ESIMEZ\TESIS\PROGRAMAMPLAB\SENSOR CON MOTOR\RETARDOS.INC 243 : Found opcode in column 1. (RETURN)
Message[305] E:\ESIMEZ\TESIS\PROGRAMAMPLAB\SENSOR CON MOTOR\RETARDOS.INC 258 : Using default destination of 1 (file).
Warning[203] E:\ESIMEZ\TESIS\PROGRAMAMPLAB\SENSOR CON MOTOR\RETARDOS.INC 259 : Found opcode in column 1. (GOTO)
Message[305] E:\ESIMEZ\TESIS\PROGRAMAMPLAB\SENSOR CON MOTOR\RETARDOS.INC 260 : Using default destination of 1 (file).
Warning[203] E:\ESIMEZ\TESIS\PROGRAMAMPLAB\SENSOR CON MOTOR\RETARDOS.INC 261 : Found opcode in column 1. (GOTO)
Message[305] E:\ESIMEZ\TESIS\PROGRAMAMPLAB\SENSOR CON MOTOR\RETARDOS.INC 262 : Using default destination of 1 (file).
Warning[203] E:\ESIMEZ\TESIS\PROGRAMAMPLAB\SENSOR CON MOTOR\RETARDOS.INC 263 : Found opcode in column 1. (GOTO)
Warning[203] E:\ESIMEZ\TESIS\PROGRAMAMPLAB\SENSOR CON MOTOR\RETARDOS.INC 264 : Found opcode in column 1. (RETURN)
Message[305] E:\ESIMEZ\TESIS\PROGRAMAMPLAB\SENSOR CON MOTOR\RETARDOS.INC 277 : Using default destination of 1 (file).
Warning[203] E:\ESIMEZ\TESIS\PROGRAMAMPLAB\SENSOR CON MOTOR\RETARDOS.INC 278 : Found opcode in column 1. (GOTO)
Message[305] E:\ESIMEZ\TESIS\PROGRAMAMPLAB\SENSOR CON MOTOR\RETARDOS.INC 279 : Using default destination of 1 (file).
Warning[203] E:\ESIMEZ\TESIS\PROGRAMAMPLAB\SENSOR CON MOTOR\RETARDOS.INC 280 : Found opcode in column 1. (GOTO)
Message[305] E:\ESIMEZ\TESIS\PROGRAMAMPLAB\SENSOR CON MOTOR\RETARDOS.INC 281 : Using default destination of 1 (file).
Warning[203] E:\ESIMEZ\TESIS\PROGRAMAMPLAB\SENSOR CON MOTOR\RETARDOS.INC 282 : Found opcode in column 1. (GOTO)
Warning[203] E:\ESIMEZ\TESIS\PROGRAMAMPLAB\SENSOR CON MOTOR\RETARDOS.INC 283 : Found opcode in column 1. (RETURN)
Warning[205] E:\ESIMEZ\TESIS\PROGRAMAMPLAB\SENSOR CON MOTOR\MEDIR.INC 6 : Found directive in column 1. (CBLOCK)
Warning[205] E:\ESIMEZ\TESIS\PROGRAMAMPLAB\SENSOR CON MOTOR\MEDIR.INC 8 : Found directive in column 1. (ENDC)
Message[305] E:\ESIMEZ\TESIS\PROGRAMAMPLAB\SENSOR CON MOTOR\MEDIR.INC 53 : Using default destination of 1 (file).
Warning[203] E:\ESIMEZ\TESIS\PROGRAMAMPLAB\SENSOR CON MOTOR\MEDIR.INC 54 : Found opcode in column 1. (RETURN)
Warning[203] E:\ESIMEZ\TESIS\PROGRAMAMPLAB\SENSOR CON MOTOR\MEDIR.INC 63 : Found opcode in column 1. (RETURN)
Warning[205] E:\ESIMEZ\TESIS\PROGRAMAMPLAB\SENSOR CON MOTOR\MOVIMIENTO.INC 7 : Found directive in column 1. (CBLOCK)
Warning[205] E:\ESIMEZ\TESIS\PROGRAMAMPLAB\SENSOR CON MOTOR\MOVIMIENTO.INC 9 : Found directive in column 1. (ENDC)
Message[305] E:\ESIMEZ\TESIS\PROGRAMAMPLAB\SENSOR CON MOTOR\MOVIMIENTO.INC 32 : Using default destination of 1 (file).
Warning[203] E:\ESIMEZ\TESIS\PROGRAMAMPLAB\SENSOR CON MOTOR\MOVIMIENTO.INC 45 : Found opcode in column 1. (RETURN)
Message[305] E:\ESIMEZ\TESIS\PROGRAMAMPLAB\SENSOR CON MOTOR\MOVIMIENTO.INC 64 : Using default destination of 1 (file).
Warning[203] E:\ESIMEZ\TESIS\PROGRAMAMPLAB\SENSOR CON MOTOR\MOVIMIENTO.INC 76 : Found opcode in column 1. (RETURN)
Message[305] E:\ESIMEZ\TESIS\PROGRAMAMPLAB\SENSOR CON MOTOR\MOVIMIENTO.INC 91 : Using default destination of 1 (file).
Warning[203] E:\ESIMEZ\TESIS\PROGRAMAMPLAB\SENSOR CON MOTOR\MOVIMIENTO.INC 105 : Found opcode in column 1. (RETURN)
Message[305] E:\ESIMEZ\TESIS\PROGRAMAMPLAB\SENSOR CON MOTOR\MOVIMIENTO.INC 121 : Using default destination of 1 (file).
Warning[203] E:\ESIMEZ\TESIS\PROGRAMAMPLAB\SENSOR CON MOTOR\MOVIMIENTO.INC 134 : Found opcode in column 1. (RETURN)
Message[305] E:\ESIMEZ\TESIS\PROGRAMAMPLAB\SENSOR CON MOTOR\MOVIMIENTO.INC 150 : Using default destination of 1 (file).
Warning[203] E:\ESIMEZ\TESIS\PROGRAMAMPLAB\SENSOR CON MOTOR\MOVIMIENTO.INC 164 : Found opcode in column 1. (RETURN)
Warning[205] E:\ESIMEZ\TESIS\PROGRAMAMPLAB\SENSOR CON MOTOR\LCD.INC 1 : Found directive in column 1. (CBLOCK)
Warning[205] E:\ESIMEZ\TESIS\PROGRAMAMPLAB\SENSOR CON MOTOR\LCD.INC 3 : Found directive in column 1. (ENDC)
Warning[203] E:\ESIMEZ\TESIS\PROGRAMAMPLAB\SENSOR CON MOTOR\LCD.INC 15 : Found opcode in column 1. (RETURN)
Warning[203] E:\ESIMEZ\TESIS\PROGRAMAMPLAB\SENSOR CON MOTOR\LCD.INC 23 : Found opcode in column 1. (RETURN)
Warning[203] E:\ESIMEZ\TESIS\PROGRAMAMPLAB\SENSOR CON MOTOR\LCD.INC 64 : Found opcode in column 1. (RETURN)
Warning[205] E:\ESIMEZ\TESIS\PROGRAMAMPLAB\SENSOR CON MOTOR\PROYECTO.ASM 104 : Found directive in column 1. (END)
