Message[302] E:\ESIMEZ\TESIS\PROGRAMAMPLAB\SENSOR CON MOTOR\PROYECTO.ASM 42 : Register in operand not in bank 0.  Ensure that bank bits are correct.
Message[302] E:\ESIMEZ\TESIS\PROGRAMAMPLAB\SENSOR CON MOTOR\PROYECTO.ASM 43 : Register in operand not in bank 0.  Ensure that bank bits are correct.
Message[302] E:\ESIMEZ\TESIS\PROGRAMAMPLAB\SENSOR CON MOTOR\PROYECTO.ASM 44 : Register in operand not in bank 0.  Ensure that bank bits are correct.
Message[302] E:\ESIMEZ\TESIS\PROGRAMAMPLAB\SENSOR CON MOTOR\PROYECTO.ASM 46 : Register in operand not in bank 0.  Ensure that bank bits are correct.
Message[302] E:\ESIMEZ\TESIS\PROGRAMAMPLAB\SENSOR CON MOTOR\PROYECTO.ASM 47 : Register in operand not in bank 0.  Ensure that bank bits are correct.
Message[305] E:\ESIMEZ\TESIS\PROGRAMAMPLAB\SENSOR CON MOTOR\PROYECTO.ASM 66 : Using default destination of 1 (file).
Warning[205] E:\ESIMEZ\TESIS\PROGRAMAMPLAB\SENSOR CON MOTOR\RETARDOS.INC 1 : Found directive in column 1. (CBLOCK)
Message[313] E:\ESIMEZ\TESIS\PROGRAMAMPLAB\SENSOR CON MOTOR\RETARDOS.INC 1 : CBLOCK constants will start with a value of 0.
Warning[205] E:\ESIMEZ\TESIS\PROGRAMAMPLAB\SENSOR CON MOTOR\RETARDOS.INC 3 : Found directive in column 1. (ENDC)
Message[305] E:\ESIMEZ\TESIS\PROGRAMAMPLAB\SENSOR CON MOTOR\RETARDOS.INC 22 : Using default destination of 1 (file).
Warning[203] E:\ESIMEZ\TESIS\PROGRAMAMPLAB\SENSOR CON MOTOR\RETARDOS.INC 23 : Found opcode in column 1. (GOTO)
Message[305] E:\ESIMEZ\TESIS\PROGRAMAMPLAB\SENSOR CON MOTOR\RETARDOS.INC 24 : Using default destination of 1 (file).
Warning[203] E:\ESIMEZ\TESIS\PROGRAMAMPLAB\SENSOR CON MOTOR\RETARDOS.INC 25 : Found opcode in column 1. (GOTO)
Message[305] E:\ESIMEZ\TESIS\PROGRAMAMPLAB\SENSOR CON MOTOR\RETARDOS.INC 26 : Using default destination of 1 (file).
Warning[203] E:\ESIMEZ\TESIS\PROGRAMAMPLAB\SENSOR CON MOTOR\RETARDOS.INC 27 : Found opcode in column 1. (GOTO)
Warning[203] E:\ESIMEZ\TESIS\PROGRAMAMPLAB\SENSOR CON MOTOR\RETARDOS.INC 28 : Found opcode in column 1. (RETURN)
Message[305] E:\ESIMEZ\TESIS\PROGRAMAMPLAB\SENSOR CON MOTOR\RETARDOS.INC 45 : Using default destination of 1 (file).
Warning[203] E:\ESIMEZ\TESIS\PROGRAMAMPLAB\SENSOR CON MOTOR\RETARDOS.INC 46 : Found opcode in column 1. (GOTO)
Message[305] E:\ESIMEZ\TESIS\PROGRAMAMPLAB\SENSOR CON MOTOR\RETARDOS.INC 47 : Using default destination of 1 (file).
Warning[203] E:\ESIMEZ\TESIS\PROGRAMAMPLAB\SENSOR CON MOTOR\RETARDOS.INC 48 : Found opcode in column 1. (GOTO)
Message[305] E:\ESIMEZ\TESIS\PROGRAMAMPLAB\SENSOR CON MOTOR\RETARDOS.INC 49 : Using default destination of 1 (file).
Warning[203] E:\ESIMEZ\TESIS\PROGRAMAMPLAB\SENSOR CON MOTOR\RETARDOS.INC 50 : Found opcode in column 1. (GOTO)
Warning[203] E:\ESIMEZ\TESIS\PROGRAMAMPLAB\SENSOR CON MOTOR\RETARDOS.INC 51 : Found opcode in column 1. (RETURN)
Message[305] E:\ESIMEZ\TESIS\PROGRAMAMPLAB\SENSOR CON MOTOR\RETARDOS.INC 68 : Using default destination of 1 (file).
Warning[203] E:\ESIMEZ\TESIS\PROGRAMAMPLAB\SENSOR CON MOTOR\RETARDOS.INC 69 : Found opcode in column 1. (GOTO)
Message[305] E:\ESIMEZ\TESIS\PROGRAMAMPLAB\SENSOR CON MOTOR\RETARDOS.INC 70 : Using default destination of 1 (file).
Warning[203] E:\ESIMEZ\TESIS\PROGRAMAMPLAB\SENSOR CON MOTOR\RETARDOS.INC 71 : Found opcode in column 1. (GOTO)
Message[305] E:\ESIMEZ\TESIS\PROGRAMAMPLAB\SENSOR CON MOTOR\RETARDOS.INC 72 : Using default destination of 1 (file).
Warning[203] E:\ESIMEZ\TESIS\PROGRAMAMPLAB\SENSOR CON MOTOR\RETARDOS.INC 73 : Found opcode in column 1. (GOTO)
Warning[203] E:\ESIMEZ\TESIS\PROGRAMAMPLAB\SENSOR CON MOTOR\RETARDOS.INC 74 : Found opcode in column 1. (RETURN)
Message[305] E:\ESIMEZ\TESIS\PROGRAMAMPLAB\SENSOR CON MOTOR\RETARDOS.INC 89 : Using default destination of 1 (file).
Warning[203] E:\ESIMEZ\TESIS\PROGRAMAMPLAB\SENSOR CON MOTOR\RETARDOS.INC 90 : Found opcode in column 1. (GOTO)
Message[305] E:\ESIMEZ\TESIS\PROGRAMAMPLAB\SENSOR CON MOTOR\RETARDOS.INC 91 : Using default destination of 1 (file).
Warning[203] E:\ESIMEZ\TESIS\PROGRAMAMPLAB\SENSOR CON MOTOR\RETARDOS.INC 92 : Found opcode in column 1. (GOTO)
Message[305] E:\ESIMEZ\TESIS\PROGRAMAMPLAB\SENSOR CON MOTOR\RETARDOS.INC 93 : Using default destination of 1 (file).
Warning[203] E:\ESIMEZ\TESIS\PROGRAMAMPLAB\SENSOR CON MOTOR\RETARDOS.INC 94 : Found opcode in column 1. (GOTO)
Warning[203] E:\ESIMEZ\TESIS\PROGRAMAMPLAB\SENSOR CON MOTOR\RETARDOS.INC 95 : Found opcode in column 1. (RETURN)
Message[305] E:\ESIMEZ\TESIS\PROGRAMAMPLAB\SENSOR CON MOTOR\RETARDOS.INC 110 : Using default destination of 1 (file).
Warning[203] E:\ESIMEZ\TESIS\PROGRAMAMPLAB\SENSOR CON MOTOR\RETARDOS.INC 111 : Found opcode in column 1. (GOTO)
Message[305] E:\ESIMEZ\TESIS\PROGRAMAMPLAB\SENSOR CON MOTOR\RETARDOS.INC 112 : Using default destination of 1 (file).
Warning[203] E:\ESIMEZ\TESIS\PROGRAMAMPLAB\SENSOR CON MOTOR\RETARDOS.INC 113 : Found opcode in column 1. (GOTO)
Message[305] E:\ESIMEZ\TESIS\PROGRAMAMPLAB\SENSOR CON MOTOR\RETARDOS.INC 114 : Using default destination of 1 (file).
Warning[203] E:\ESIMEZ\TESIS\PROGRAMAMPLAB\SENSOR CON MOTOR\RETARDOS.INC 115 : Found opcode in column 1. (GOTO)
Warning[203] E:\ESIMEZ\TESIS\PROGRAMAMPLAB\SENSOR CON MOTOR\RETARDOS.INC 116 : Found opcode in column 1. (RETURN)
Message[305] E:\ESIMEZ\TESIS\PROGRAMAMPLAB\SENSOR CON MOTOR\RETARDOS.INC 132 : Using default destination of 1 (file).
Warning[203] E:\ESIMEZ\TESIS\PROGRAMAMPLAB\SENSOR CON MOTOR\RETARDOS.INC 133 : Found opcode in column 1. (GOTO)
Message[305] E:\ESIMEZ\TESIS\PROGRAMAMPLAB\SENSOR CON MOTOR\RETARDOS.INC 134 : Using default destination of 1 (file).
Warning[203] E:\ESIMEZ\TESIS\PROGRAMAMPLAB\SENSOR CON MOTOR\RETARDOS.INC 135 : Found opcode in column 1. (GOTO)
Message[305] E:\ESIMEZ\TESIS\PROGRAMAMPLAB\SENSOR CON MOTOR\RETARDOS.INC 136 : Using default destination of 1 (file).
Warning[203] E:\ESIMEZ\TESIS\PROGRAMAMPLAB\SENSOR CON MOTOR\RETARDOS.INC 137 : Found opcode in column 1. (GOTO)
Warning[203] E:\ESIMEZ\TESIS\PROGRAMAMPLAB\SENSOR CON MOTOR\RETARDOS.INC 138 : Found opcode in column 1. (RETURN)
Message[305] E:\ESIMEZ\TESIS\PROGRAMAMPLAB\SENSOR CON MOTOR\RETARDOS.INC 153 : Using default destination of 1 (file).
Warning[203] E:\ESIMEZ\TESIS\PROGRAMAMPLAB\SENSOR CON MOTOR\RETARDOS.INC 154 : Found opcode in column 1. (GOTO)
Message[305] E:\ESIMEZ\TESIS\PROGRAMAMPLAB\SENSOR CON MOTOR\RETARDOS.INC 155 : Using default destination of 1 (file).
Warning[203] E:\ESIMEZ\TESIS\PROGRAMAMPLAB\SENSOR CON MOTOR\RETARDOS.INC 156 : Found opcode in column 1. (GOTO)
Message[305] E:\ESIMEZ\TESIS\PROGRAMAMPLAB\SENSOR CON MOTOR\RETARDOS.INC 157 : Using default destination of 1 (file).
Warning[203] E:\ESIMEZ\TESIS\PROGRAMAMPLAB\SENSOR CON MOTOR\RETARDOS.INC 158 : Found opcode in column 1. (GOTO)
Warning[203] E:\ESIMEZ\TESIS\PROGRAMAMPLAB\SENSOR CON MOTOR\RETARDOS.INC 159 : Found opcode in column 1. (RETURN)
Message[305] E:\ESIMEZ\TESIS\PROGRAMAMPLAB\SENSOR CON MOTOR\RETARDOS.INC 175 : Using default destination of 1 (file).
Warning[203] E:\ESIMEZ\TESIS\PROGRAMAMPLAB\SENSOR CON MOTOR\RETARDOS.INC 176 : Found opcode in column 1. (GOTO)
Message[305] E:\ESIMEZ\TESIS\PROGRAMAMPLAB\SENSOR CON MOTOR\RETARDOS.INC 177 : Using default destination of 1 (file).
Warning[203] E:\ESIMEZ\TESIS\PROGRAMAMPLAB\SENSOR CON MOTOR\RETARDOS.INC 178 : Found opcode in column 1. (GOTO)
Message[305] E:\ESIMEZ\TESIS\PROGRAMAMPLAB\SENSOR CON MOTOR\RETARDOS.INC 179 : Using default destination of 1 (file).
Warning[203] E:\ESIMEZ\TESIS\PROGRAMAMPLAB\SENSOR CON MOTOR\RETARDOS.INC 180 : Found opcode in column 1. (GOTO)
Warning[203] E:\ESIMEZ\TESIS\PROGRAMAMPLAB\SENSOR CON MOTOR\RETARDOS.INC 181 : Found opcode in column 1. (RETURN)
Message[305] E:\ESIMEZ\TESIS\PROGRAMAMPLAB\SENSOR CON MOTOR\RETARDOS.INC 196 : Using default destination of 1 (file).
Warning[203] E:\ESIMEZ\TESIS\PROGRAMAMPLAB\SENSOR CON MOTOR\RETARDOS.INC 197 : Found opcode in column 1. (GOTO)
Message[305] E:\ESIMEZ\TESIS\PROGRAMAMPLAB\SENSOR CON MOTOR\RETARDOS.INC 198 : Using default destination of 1 (file).
Warning[203] E:\ESIMEZ\TESIS\PROGRAMAMPLAB\SENSOR CON MOTOR\RETARDOS.INC 199 : Found opcode in column 1. (GOTO)
Message[305] E:\ESIMEZ\TESIS\PROGRAMAMPLAB\SENSOR CON MOTOR\RETARDOS.INC 200 : Using default destination of 1 (file).
Warning[203] E:\ESIMEZ\TESIS\PROGRAMAMPLAB\SENSOR CON MOTOR\RETARDOS.INC 201 : Found opcode in column 1. (GOTO)
Warning[203] E:\ESIMEZ\TESIS\PROGRAMAMPLAB\SENSOR CON MOTOR\RETARDOS.INC 202 : Found opcode in column 1. (RETURN)
Message[305] E:\ESIMEZ\TESIS\PROGRAMAMPLAB\SENSOR CON MOTOR\RETARDOS.INC 217 : Using default destination of 1 (file).
Warning[203] E:\ESIMEZ\TESIS\PROGRAMAMPLAB\SENSOR CON MOTOR\RETARDOS.INC 218 : Found opcode in column 1. (GOTO)
Message[305] E:\ESIMEZ\TESIS\PROGRAMAMPLAB\SENSOR CON MOTOR\RETARDOS.INC 219 : Using default destination of 1 (file).
Warning[203] E:\ESIMEZ\TESIS\PROGRAMAMPLAB\SENSOR CON MOTOR\RETARDOS.INC 220 : Found opcode in column 1. (GOTO)
Message[305] E:\ESIMEZ\TESIS\PROGRAMAMPLAB\SENSOR CON MOTOR\RETARDOS.INC 221 : Using default destination of 1 (file).
Warning[203] E:\ESIMEZ\TESIS\PROGRAMAMPLAB\SENSOR CON MOTOR\RETARDOS.INC 222 : Found opcode in column 1. (GOTO)
Warning[203] E:\ESIMEZ\TESIS\PROGRAMAMPLAB\SENSOR CON MOTOR\RETARDOS.INC 223 : Found opcode in column 1. (RETURN)
Warning[202] E:\ESIMEZ\TESIS\PROGRAMAMPLAB\SENSOR CON MOTOR\RETARDOS.INC 235 : Argument out of range.  Least significant bits used.
Message[305] E:\ESIMEZ\TESIS\PROGRAMAMPLAB\SENSOR CON MOTOR\RETARDOS.INC 238 : Using default destination of 1 (file).
Warning[203] E:\ESIMEZ\TESIS\PROGRAMAMPLAB\SENSOR CON MOTOR\RETARDOS.INC 239 : Found opcode in column 1. (GOTO)
Message[305] E:\ESIMEZ\TESIS\PROGRAMAMPLAB\SENSOR CON MOTOR\RETARDOS.INC 240 : Using default destination of 1 (file).
Warning[203] E:\ESIMEZ\TESIS\PROGRAMAMPLAB\SENSOR CON MOTOR\RETARDOS.INC 241 : Found opcode in column 1. (GOTO)
Message[305] E:\ESIMEZ\TESIS\PROGRAMAMPLAB\SENSOR CON MOTOR\RETARDOS.INC 242 : Using default destination of 1 (file).
Warning[203] E:\ESIMEZ\TESIS\PROGRAMAMPLAB\SENSOR CON MOTOR\RETARDOS.INC 243 : Found opcode in column 1. (GOTO)
Warning[203] E:\ESIMEZ\TESIS\PROGRAMAMPLAB\SENSOR CON MOTOR\RETARDOS.INC 244 : Found opcode in column 1. (RETURN)
Message[305] E:\ESIMEZ\TESIS\PROGRAMAMPLAB\SENSOR CON MOTOR\RETARDOS.INC 260 : Using default destination of 1 (file).
Warning[203] E:\ESIMEZ\TESIS\PROGRAMAMPLAB\SENSOR CON MOTOR\RETARDOS.INC 261 : Found opcode in column 1. (GOTO)
Message[305] E:\ESIMEZ\TESIS\PROGRAMAMPLAB\SENSOR CON MOTOR\RETARDOS.INC 262 : Using default destination of 1 (file).
Warning[203] E:\ESIMEZ\TESIS\PROGRAMAMPLAB\SENSOR CON MOTOR\RETARDOS.INC 263 : Found opcode in column 1. (GOTO)
Message[305] E:\ESIMEZ\TESIS\PROGRAMAMPLAB\SENSOR CON MOTOR\RETARDOS.INC 264 : Using default destination of 1 (file).
Warning[203] E:\ESIMEZ\TESIS\PROGRAMAMPLAB\SENSOR CON MOTOR\RETARDOS.INC 265 : Found opcode in column 1. (GOTO)
Warning[203] E:\ESIMEZ\TESIS\PROGRAMAMPLAB\SENSOR CON MOTOR\RETARDOS.INC 266 : Found opcode in column 1. (RETURN)
Message[305] E:\ESIMEZ\TESIS\PROGRAMAMPLAB\SENSOR CON MOTOR\RETARDOS.INC 282 : Using default destination of 1 (file).
Warning[203] E:\ESIMEZ\TESIS\PROGRAMAMPLAB\SENSOR CON MOTOR\RETARDOS.INC 283 : Found opcode in column 1. (GOTO)
Message[305] E:\ESIMEZ\TESIS\PROGRAMAMPLAB\SENSOR CON MOTOR\RETARDOS.INC 284 : Using default destination of 1 (file).
Warning[203] E:\ESIMEZ\TESIS\PROGRAMAMPLAB\SENSOR CON MOTOR\RETARDOS.INC 285 : Found opcode in column 1. (GOTO)
Message[305] E:\ESIMEZ\TESIS\PROGRAMAMPLAB\SENSOR CON MOTOR\RETARDOS.INC 286 : Using default destination of 1 (file).
Warning[203] E:\ESIMEZ\TESIS\PROGRAMAMPLAB\SENSOR CON MOTOR\RETARDOS.INC 287 : Found opcode in column 1. (GOTO)
Warning[203] E:\ESIMEZ\TESIS\PROGRAMAMPLAB\SENSOR CON MOTOR\RETARDOS.INC 288 : Found opcode in column 1. (RETURN)
Message[305] E:\ESIMEZ\TESIS\PROGRAMAMPLAB\SENSOR CON MOTOR\RETARDOS.INC 304 : Using default destination of 1 (file).
Warning[203] E:\ESIMEZ\TESIS\PROGRAMAMPLAB\SENSOR CON MOTOR\RETARDOS.INC 305 : Found opcode in column 1. (GOTO)
Message[305] E:\ESIMEZ\TESIS\PROGRAMAMPLAB\SENSOR CON MOTOR\RETARDOS.INC 306 : Using default destination of 1 (file).
Warning[203] E:\ESIMEZ\TESIS\PROGRAMAMPLAB\SENSOR CON MOTOR\RETARDOS.INC 307 : Found opcode in column 1. (GOTO)
Message[305] E:\ESIMEZ\TESIS\PROGRAMAMPLAB\SENSOR CON MOTOR\RETARDOS.INC 308 : Using default destination of 1 (file).
Warning[203] E:\ESIMEZ\TESIS\PROGRAMAMPLAB\SENSOR CON MOTOR\RETARDOS.INC 309 : Found opcode in column 1. (GOTO)
Warning[203] E:\ESIMEZ\TESIS\PROGRAMAMPLAB\SENSOR CON MOTOR\RETARDOS.INC 310 : Found opcode in column 1. (RETURN)
Message[305] E:\ESIMEZ\TESIS\PROGRAMAMPLAB\SENSOR CON MOTOR\RETARDOS.INC 325 : Using default destination of 1 (file).
Warning[203] E:\ESIMEZ\TESIS\PROGRAMAMPLAB\SENSOR CON MOTOR\RETARDOS.INC 326 : Found opcode in column 1. (GOTO)
Message[305] E:\ESIMEZ\TESIS\PROGRAMAMPLAB\SENSOR CON MOTOR\RETARDOS.INC 327 : Using default destination of 1 (file).
Warning[203] E:\ESIMEZ\TESIS\PROGRAMAMPLAB\SENSOR CON MOTOR\RETARDOS.INC 328 : Found opcode in column 1. (GOTO)
Message[305] E:\ESIMEZ\TESIS\PROGRAMAMPLAB\SENSOR CON MOTOR\RETARDOS.INC 329 : Using default destination of 1 (file).
Warning[203] E:\ESIMEZ\TESIS\PROGRAMAMPLAB\SENSOR CON MOTOR\RETARDOS.INC 330 : Found opcode in column 1. (GOTO)
Warning[203] E:\ESIMEZ\TESIS\PROGRAMAMPLAB\SENSOR CON MOTOR\RETARDOS.INC 331 : Found opcode in column 1. (RETURN)
Message[305] E:\ESIMEZ\TESIS\PROGRAMAMPLAB\SENSOR CON MOTOR\RETARDOS.INC 346 : Using default destination of 1 (file).
Warning[203] E:\ESIMEZ\TESIS\PROGRAMAMPLAB\SENSOR CON MOTOR\RETARDOS.INC 347 : Found opcode in column 1. (GOTO)
Message[305] E:\ESIMEZ\TESIS\PROGRAMAMPLAB\SENSOR CON MOTOR\RETARDOS.INC 348 : Using default destination of 1 (file).
Warning[203] E:\ESIMEZ\TESIS\PROGRAMAMPLAB\SENSOR CON MOTOR\RETARDOS.INC 349 : Found opcode in column 1. (GOTO)
Message[305] E:\ESIMEZ\TESIS\PROGRAMAMPLAB\SENSOR CON MOTOR\RETARDOS.INC 350 : Using default destination of 1 (file).
Warning[203] E:\ESIMEZ\TESIS\PROGRAMAMPLAB\SENSOR CON MOTOR\RETARDOS.INC 351 : Found opcode in column 1. (GOTO)
Warning[203] E:\ESIMEZ\TESIS\PROGRAMAMPLAB\SENSOR CON MOTOR\RETARDOS.INC 352 : Found opcode in column 1. (RETURN)
Warning[205] E:\ESIMEZ\TESIS\PROGRAMAMPLAB\SENSOR CON MOTOR\MEDIR.INC 6 : Found directive in column 1. (CBLOCK)
Warning[205] E:\ESIMEZ\TESIS\PROGRAMAMPLAB\SENSOR CON MOTOR\MEDIR.INC 8 : Found directive in column 1. (ENDC)
Warning[203] E:\ESIMEZ\TESIS\PROGRAMAMPLAB\SENSOR CON MOTOR\MEDIR.INC 34 : Found opcode in column 1. (RETURN)
Message[305] E:\ESIMEZ\TESIS\PROGRAMAMPLAB\SENSOR CON MOTOR\MEDIR.INC 76 : Using default destination of 1 (file).
Warning[203] E:\ESIMEZ\TESIS\PROGRAMAMPLAB\SENSOR CON MOTOR\MEDIR.INC 77 : Found opcode in column 1. (RETURN)
Warning[203] E:\ESIMEZ\TESIS\PROGRAMAMPLAB\SENSOR CON MOTOR\MEDIR.INC 86 : Found opcode in column 1. (RETURN)
Warning[205] E:\ESIMEZ\TESIS\PROGRAMAMPLAB\SENSOR CON MOTOR\MOVIMIENTO.INC 7 : Found directive in column 1. (CBLOCK)
Warning[205] E:\ESIMEZ\TESIS\PROGRAMAMPLAB\SENSOR CON MOTOR\MOVIMIENTO.INC 9 : Found directive in column 1. (ENDC)
Message[305] E:\ESIMEZ\TESIS\PROGRAMAMPLAB\SENSOR CON MOTOR\MOVIMIENTO.INC 32 : Using default destination of 1 (file).
Warning[203] E:\ESIMEZ\TESIS\PROGRAMAMPLAB\SENSOR CON MOTOR\MOVIMIENTO.INC 44 : Found opcode in column 1. (RETURN)
Message[305] E:\ESIMEZ\TESIS\PROGRAMAMPLAB\SENSOR CON MOTOR\MOVIMIENTO.INC 63 : Using default destination of 1 (file).
Warning[203] E:\ESIMEZ\TESIS\PROGRAMAMPLAB\SENSOR CON MOTOR\MOVIMIENTO.INC 75 : Found opcode in column 1. (RETURN)
Message[305] E:\ESIMEZ\TESIS\PROGRAMAMPLAB\SENSOR CON MOTOR\MOVIMIENTO.INC 90 : Using default destination of 1 (file).
Warning[203] E:\ESIMEZ\TESIS\PROGRAMAMPLAB\SENSOR CON MOTOR\MOVIMIENTO.INC 108 : Found opcode in column 1. (RETURN)
Message[305] E:\ESIMEZ\TESIS\PROGRAMAMPLAB\SENSOR CON MOTOR\MOVIMIENTO.INC 124 : Using default destination of 1 (file).
Warning[203] E:\ESIMEZ\TESIS\PROGRAMAMPLAB\SENSOR CON MOTOR\MOVIMIENTO.INC 137 : Found opcode in column 1. (RETURN)
Message[305] E:\ESIMEZ\TESIS\PROGRAMAMPLAB\SENSOR CON MOTOR\MOVIMIENTO.INC 153 : Using default destination of 1 (file).
Warning[203] E:\ESIMEZ\TESIS\PROGRAMAMPLAB\SENSOR CON MOTOR\MOVIMIENTO.INC 172 : Found opcode in column 1. (RETURN)
Warning[203] E:\ESIMEZ\TESIS\PROGRAMAMPLAB\SENSOR CON MOTOR\MOVIMIENTO.INC 197 : Found opcode in column 1. (RETURN)
Warning[203] E:\ESIMEZ\TESIS\PROGRAMAMPLAB\SENSOR CON MOTOR\MOVIMIENTO.INC 205 : Found opcode in column 1. (RETURN)
Warning[203] E:\ESIMEZ\TESIS\PROGRAMAMPLAB\SENSOR CON MOTOR\MOVIMIENTO.INC 212 : Found opcode in column 1. (RETURN)
Warning[203] E:\ESIMEZ\TESIS\PROGRAMAMPLAB\SENSOR CON MOTOR\MOVIMIENTO.INC 222 : Found opcode in column 1. (RETURN)
Warning[203] E:\ESIMEZ\TESIS\PROGRAMAMPLAB\SENSOR CON MOTOR\MOVIMIENTO.INC 231 : Found opcode in column 1. (RETURN)
Warning[203] E:\ESIMEZ\TESIS\PROGRAMAMPLAB\SENSOR CON MOTOR\MOVIMIENTO.INC 241 : Found opcode in column 1. (RETURN)
Warning[205] E:\ESIMEZ\TESIS\PROGRAMAMPLAB\SENSOR CON MOTOR\LCD.INC 1 : Found directive in column 1. (CBLOCK)
Warning[205] E:\ESIMEZ\TESIS\PROGRAMAMPLAB\SENSOR CON MOTOR\LCD.INC 3 : Found directive in column 1. (ENDC)
Warning[203] E:\ESIMEZ\TESIS\PROGRAMAMPLAB\SENSOR CON MOTOR\LCD.INC 15 : Found opcode in column 1. (RETURN)
Warning[203] E:\ESIMEZ\TESIS\PROGRAMAMPLAB\SENSOR CON MOTOR\LCD.INC 23 : Found opcode in column 1. (RETURN)
Warning[203] E:\ESIMEZ\TESIS\PROGRAMAMPLAB\SENSOR CON MOTOR\LCD.INC 64 : Found opcode in column 1. (RETURN)
Warning[205] E:\ESIMEZ\TESIS\PROGRAMAMPLAB\SENSOR CON MOTOR\PROYECTO.ASM 103 : Found directive in column 1. (END)
